serv running on http://127.0.0.1:80
/ajax
/img/level10.png
/css/style.css
/js/ajax.js
/ajax
/css/style.css
/js/ajax.js
/img/level10.png
/
/ajax
/css/style.css
/js/ajax.js
/img/level10.png
/ajax
/css/style.css
/js/ajax.js
/img/level10.png
/.env
/ajax
/css/style.css
/js/ajax.js
/img/level10.png
/
/
/
/
/wp-includes/wlwmanifest.xml
/xmlrpc.php
/
/blog/wp-includes/wlwmanifest.xml
/web/wp-includes/wlwmanifest.xml
/wordpress/wp-includes/wlwmanifest.xml
/website/wp-includes/wlwmanifest.xml
/wp/wp-includes/wlwmanifest.xml
/news/wp-includes/wlwmanifest.xml
/2018/wp-includes/wlwmanifest.xml
/2019/wp-includes/wlwmanifest.xml
/shop/wp-includes/wlwmanifest.xml
/wp1/wp-includes/wlwmanifest.xml
/test/wp-includes/wlwmanifest.xml
/media/wp-includes/wlwmanifest.xml
/wp2/wp-includes/wlwmanifest.xml
/site/wp-includes/wlwmanifest.xml
/cms/wp-includes/wlwmanifest.xml
/sito/wp-includes/wlwmanifest.xml
/ajax
/css/style.css
/js/ajax.js
/img/level10.png
/ajax
/css/style.css
/js/ajax.js
/img/level10.png
/
/css/style.css
/favicon.ico
/level1
/css/style.css
/2007
/css/style.css
/class
/css/style.css
/Blocked%20loading%20mixed%20active%20content
/css/style.css
/2007
/css/style.css
/class
/css/style.css
/Lucida%20Console
/css/style.css
/Lucida_Console
/css/style.css
/
/
/css/style.css
/
/css/style.css
/favicon.ico
/level1
/css/style.css
/level1
/css/style.css
/.env
/
/level1
/css/style.css
/
/boaform/admin/formLogin
/ajax
/css/style.css
/img/level10.png
/js/ajax.js
/
/ajax
/css/style.css
/js/ajax.js
/img/level10.png
/favicon.ico
/js/ajax.js
/favicon.ico
/css/style.css
/
/css/style.css
/favicon.ico
/
/favicon.ico
/
/css/style.css
/
/css/style.css
/favicon.ico
/
/css/style.css
/favicon.ico
/
/
/
/
/
/
/
/
/
/
/
/css/style.css
/
/css/style.css
/
/css/style.css
/
/css/style.css
/
/css/style.css
/favicon.ico
/
/css/style.css
/favicon.ico
/
/
/
/
/
/
/
/
/
/
/
/
/
/
/
/
/
/
/
/
/
/
/
/
/
/
/
/
/
/
/
/
/
/
/
/
/
/
/
/
/
/
/
/
/
/
/
/
/
/
/
/
/
/
/
/
/
/
/
/
/
/
/
/
/
/
/
/
/
/
/
/
/
/
/
/
/
/
/
/
/
/
/
/
/
/
/
/
/
/
/
/
/
/
/
/
/
/
/
/
/css/style.css
/
/
/
/
/css/style.css
/favicon.ico
/
/css/style.css
/favicon.ico
/
/
/
/
/favicon.ico
/
/
/
/
/
/favicon.ico
/
/css/style.css
/level1
/css/style.css
/level1
/css/style.css
/favicon.ico
/
/css/style.css
/favicon.ico
/
/2.php
/2.php
/2.php
/
/
/boaform/admin/formLogin
/
/
/css/style.css
/
/css/style.css
/
/
/css/style.css
/nazo.junyu33.me
/css/style.css
/All_of_them_can_be_used_as_backend
/css/style.css
/ajax
/img/level10.png
/css/style.css
/ajax
/css/style.css
/js/ajax.js
/img/level10.png
/
/
/
/
/webfig/
/
/solr/
/
/
/favicon.ico
/
/boaform/admin/formLogin
/
/boaform/admin/formLogin
/
/css/style.css
/31337
/css/style.css
/boaform/admin/formLogin
/
/
/
/css/style.css
/favicon.ico
/
/
/nice%20ports%2C/Tri%6Eity.txt%2ebak
/sdk
/1670251708
/HNAP1
/evox/about
/
/
/favicon.ico
/robots.txt
/w3ll_d0n3
/css/style.css
/level1
/css/style.css
/level2
/css/style.css
/2007
/css/style.css
/class
/css/style.css
/Lucida_Console
/css/style.css
/absolute
/css/style.css
/favicon.ico
/.env
/
/core/.env
/core/.env
/
/NaN%7C0
/core/.env
/css/style.css
/favicon.ico
/NaN&0
/img/code.png
/css/style.css
/NaN%7C0
/css/style.css
/31337
/css/style.css
/boaform/admin/formLogin
/
/
/favicon.ico
/
/
/favicon.ico
/
/boaform/admin/formLogin
/.env
/
/
/.env
/
/.env
/
/vendor/phpunit/phpunit/src/Util/PHP/eval-stdin.php
/
/
/
/
/
/
/
/
/nice%20ports%2C/Tri%6Eity.txt%2ebak
/Portal0000.htm
/
/XVu9
/sdk
/server-status
/nmaplowercheck1670281247
/CSS/Miniweb.css
/
/start.jhtml
/scripts/WPnBr.dll
/.git/HEAD
/Portal/Portal.mwsl
/
/__Additional
/pools/default/buckets
/
/HNAP1
/base.inc
/favicon.ico
/
/docs/cplugError.html/
/
/pools
/home.shtml
/
/menu.php
/robots.txt
/localstart.jsp
/base.html
/start.jsp
/index.jhtml
/base.aspx
/admin.php
/localstart.php
/base.cfm
/main.jsa
/start.shtml
/admin.jsp
/index.html
/menu.jhtml
/main.pl
/menu.cgi
/admin.jhtml
/admin.html
/default.cfm
/inicio.jsa
/start.html
/admin.cgi
/start.cgi
/default.jsa
/indice.cfm
/home.jhtml
/home.cgi
/localstart.jhtml
/admin.aspx
/index.cfm
/localstart.shtml
/main.html
/start.php
/base.pl
/main.shtml
/menu.shtml
/home.php
/indice.html
/inicio.shtml
/main.cfm
/start.pl
/localstart.jsa
/base.jsa
/start.cfm
/readme.txt
/admin.shtml
/admin.pl
/start.aspx
/start.jsa
/menu.jsa
/home.aspx
/home.html
/main.php
/indice.php
/main.jsp
/inicio.cgi
/indice.jsa
/index.shtml
/start.asp
/menu.html
/base.jsp
/indice.cgi
/localstart.aspx
/main.asp
/home.cfm
/localstart.cfm
/home.pl
/localstart.html
/default.html
/inicio.pl
/menu.pl
/main.aspx
/index.php
/index.jsp
/inicio.html
/inicio.jhtml
/index.jsa
/default.aspx
/inicio.php
/inicio.jsp
/indice.jsp
/default.pl
/inicio.cfm
/inicio.aspx
/inicio.asp
/default.jsp
/default.php
/menu.cfm
/base.shtml
/admin.jsa
/indice.aspx
/menu.aspx
/localstart.cgi
/localstart.asp
/main.jhtml
/base.jhtml
/index.aspx
/base.asp
/index.asp
/main.cgi
/indice.jhtml
/base.cgi
/index.pl
/menu.asp
/admin.asp
/default.cgi
/admin.cfm
/home.asp
/indice.shtml
/default.jhtml
/default.asp
/base.php
/home.jsa
/index.cgi
/home.jsp
/menu.jsp
/localstart.pl
/default.shtml
/indice.pl
/indice.asp
/
/
/
/
/
/css/style.css
/31337
/css/style.css
/31337
/31337
/31337
/31337
/
/boaform/admin/formLogin
/
/favicon.ico
/
/
/.hg/
/boaform/admin/formLogin
/
/boaform/admin/formLogin
/
/echo.php
/favicon.ico
/
/ajax
/img/level10.png
/css/style.css
/js/ajax.js
/favicon.ico
/boaform/admin/formLogin
/
/
/
/
/
/
/favicon.ico
/
/css/style.css
/favicon.ico
/
/
/favicon.ico
serv running on http://127.0.0.1:80
/
/css/style.css
/favicon.ico
/
/
/
/
/.well-known/acme-challenge/qMB0sYK-vffBuX1rmIlTRzQUbFVir_WeIOnhBhhyTYU
/.well-known/acme-challenge/qMB0sYK-vffBuX1rmIlTRzQUbFVir_WeIOnhBhhyTYU
/.well-known/acme-challenge/qMB0sYK-vffBuX1rmIlTRzQUbFVir_WeIOnhBhhyTYU
/
/
/
/
/
/favicon.ico
/favicon.ico
/favicon.ico
/favicon.ico
/
/css/style.css
/
/
/css/style.css
/31337
/css/style.css
/ajax
/css/style.css
/js/ajax.js
/img/level10.png
/ajax
/css/style.css
/js/ajax.js
/img/level10.png
/favicon.ico
/31337
/css/style.css
/assets/css/style.css
/assets/css/semantic.min.css
/assets/css/semantic.css
/img/quick2.png
/img/quick1.png
/31337
/css/style.css
/31337
/31337
/31337
/31337
/
/css/style.css
/favicon.ico
/31337
/css/style.css
/favicon.ico
/
/
/
/ajax
/img/level10.png
/css/style.css
/js/ajax.js
/31337
/css/style.css
/31337
/31337
/31337
/manager/text/list
/31337
/manager/html
/
/
/
/
/favicon.ico
/boaform/admin/formLogin
/
/
/
/
/css/style.css
/boaform/admin/formLogin
/
/boaform/admin/formLogin
/
/
/
/nice%20ports%2C/Tri%6Eity.txt%2ebak
/server-info
/version
/
/sdk
/HNAP1
/nmaplowercheck1670341575
/evox/about
/
/
/.env
/wp-content/.git/config
/
/
/boaform/admin/formLogin
/
/.env
/
/
/.env
/
/_profiler/phpinfo
/debug/default/view
/config.json
/.git/config
/robots.txt
/
/robots.txt
/aaaaaaaaaaaaaaaaaaaaaaaaaqr
/99vt
/99vu
/portal/redlion
/
/hudson
/
/
/
/
/
/1hkqnO3HLzSeGxZJ4BtKWabURvb
/
/css/style.css
/level1
/css/style.css
/level1
/css/style.css
/
/
/css/style.css
/
/
/
/HNAP1/
/
/favicon.ico
Wed, 07 Dec 2022 02:17:52 GMT body-parser deprecated bodyParser: use individual json/urlencoded middlewares at server_express.js:9:9
Wed, 07 Dec 2022 02:17:52 GMT body-parser deprecated undefined extended: provide extended option at node_modules/body-parser/index.js:104:29
serv running on http://127.0.0.1:80
Wed, 07 Dec 2022 03:01:21 GMT body-parser deprecated bodyParser: use individual json/urlencoded middlewares at server_express.js:9:9
Wed, 07 Dec 2022 03:01:21 GMT body-parser deprecated undefined extended: provide extended option at node_modules/body-parser/index.js:104:29
events.js:174
      throw er; // Unhandled 'error' event
      ^

Error: listen EADDRINUSE: address already in use :::80
    at Server.setupListenHandle [as _listen2] (net.js:1280:14)
    at listenInCluster (net.js:1328:12)
    at Server.listen (net.js:1415:7)
    at Function.listen (/www/wwwroot/nazo_for_web/node_modules/express/lib/application.js:635:24)
    at Object.<anonymous> (/www/wwwroot/nazo_for_web/server_express.js:102:5)
    at Module._compile (internal/modules/cjs/loader.js:778:30)
    at Object.Module._extensions..js (internal/modules/cjs/loader.js:789:10)
    at Module.load (internal/modules/cjs/loader.js:653:32)
    at tryModuleLoad (internal/modules/cjs/loader.js:593:12)
    at Function.Module._load (internal/modules/cjs/loader.js:585:3)
Emitted 'error' event at:
    at emitErrorNT (net.js:1307:8)
    at process._tickCallback (internal/process/next_tick.js:63:19)
    at Function.Module.runMain (internal/modules/cjs/loader.js:834:11)
    at startup (internal/bootstrap/node.js:283:19)
    at bootstrapNodeJSCore (internal/bootstrap/node.js:623:3)
Wed, 07 Dec 2022 03:31:08 GMT body-parser deprecated bodyParser: use individual json/urlencoded middlewares at server_express.js:9:9
Wed, 07 Dec 2022 03:31:08 GMT body-parser deprecated undefined extended: provide extended option at node_modules/body-parser/index.js:104:29
serv running on http://127.0.0.1:80
Wed, 07 Dec 2022 08:30:48 GMT body-parser deprecated bodyParser: use individual json/urlencoded middlewares at server_express.js:9:9
Wed, 07 Dec 2022 08:30:48 GMT body-parser deprecated undefined extended: provide extended option at node_modules/body-parser/index.js:104:29
serv running on http://127.0.0.1:80
URIError: Failed to decode param '/cgi-bin/.%%%%32%%65/.%%%%32%%65/.%%%%32%%65/.%%%%32%%65/.%%%%32%%65/bin/sh'
    at decodeURIComponent (<anonymous>)
    at decode_param (/www/wwwroot/nazo_for_web/node_modules/express/lib/router/layer.js:172:12)
    at Layer.match (/www/wwwroot/nazo_for_web/node_modules/express/lib/router/layer.js:123:27)
    at matchLayer (/www/wwwroot/nazo_for_web/node_modules/express/lib/router/index.js:585:18)
    at next (/www/wwwroot/nazo_for_web/node_modules/express/lib/router/index.js:226:15)
    at urlencodedParser (/www/wwwroot/nazo_for_web/node_modules/body-parser/lib/types/urlencoded.js:91:7)
    at /www/wwwroot/nazo_for_web/node_modules/body-parser/index.js:110:7
    at jsonParser (/www/wwwroot/nazo_for_web/node_modules/body-parser/lib/types/json.js:110:7)
    at bodyParser (/www/wwwroot/nazo_for_web/node_modules/body-parser/index.js:108:5)
    at Layer.handle [as handle_request] (/www/wwwroot/nazo_for_web/node_modules/express/lib/router/layer.js:95:5)
URIError: Failed to decode param '/cgi-bin/.%%%%32%%65/.%%%%32%%65/.%%%%32%%65/.%%%%32%%65/.%%%%32%%65/bin/sh'
    at decodeURIComponent (<anonymous>)
    at decode_param (/www/wwwroot/nazo_for_web/node_modules/express/lib/router/layer.js:172:12)
    at Layer.match (/www/wwwroot/nazo_for_web/node_modules/express/lib/router/layer.js:123:27)
    at matchLayer (/www/wwwroot/nazo_for_web/node_modules/express/lib/router/index.js:585:18)
    at next (/www/wwwroot/nazo_for_web/node_modules/express/lib/router/index.js:226:15)
    at urlencodedParser (/www/wwwroot/nazo_for_web/node_modules/body-parser/lib/types/urlencoded.js:91:7)
    at /www/wwwroot/nazo_for_web/node_modules/body-parser/index.js:110:7
    at jsonParser (/www/wwwroot/nazo_for_web/node_modules/body-parser/lib/types/json.js:110:7)
    at bodyParser (/www/wwwroot/nazo_for_web/node_modules/body-parser/index.js:108:5)
    at Layer.handle [as handle_request] (/www/wwwroot/nazo_for_web/node_modules/express/lib/router/layer.js:95:5)
URIError: Failed to decode param '/cgi-bin/.%%%%32%%65/.%%%%32%%65/.%%%%32%%65/.%%%%32%%65/.%%%%32%%65/bin/sh'
    at decodeURIComponent (<anonymous>)
    at decode_param (/www/wwwroot/nazo_for_web/node_modules/express/lib/router/layer.js:172:12)
    at Layer.match (/www/wwwroot/nazo_for_web/node_modules/express/lib/router/layer.js:123:27)
    at matchLayer (/www/wwwroot/nazo_for_web/node_modules/express/lib/router/index.js:585:18)
    at next (/www/wwwroot/nazo_for_web/node_modules/express/lib/router/index.js:226:15)
    at urlencodedParser (/www/wwwroot/nazo_for_web/node_modules/body-parser/lib/types/urlencoded.js:91:7)
    at /www/wwwroot/nazo_for_web/node_modules/body-parser/index.js:110:7
    at jsonParser (/www/wwwroot/nazo_for_web/node_modules/body-parser/lib/types/json.js:110:7)
    at bodyParser (/www/wwwroot/nazo_for_web/node_modules/body-parser/index.js:108:5)
    at Layer.handle [as handle_request] (/www/wwwroot/nazo_for_web/node_modules/express/lib/router/layer.js:95:5)
URIError: Failed to decode param '/cgi-bin/.%%%%32%%65/.%%%%32%%65/.%%%%32%%65/.%%%%32%%65/.%%%%32%%65/bin/sh'
    at decodeURIComponent (<anonymous>)
    at decode_param (/www/wwwroot/nazo_for_web/node_modules/express/lib/router/layer.js:172:12)
    at Layer.match (/www/wwwroot/nazo_for_web/node_modules/express/lib/router/layer.js:123:27)
    at matchLayer (/www/wwwroot/nazo_for_web/node_modules/express/lib/router/index.js:585:18)
    at next (/www/wwwroot/nazo_for_web/node_modules/express/lib/router/index.js:226:15)
    at urlencodedParser (/www/wwwroot/nazo_for_web/node_modules/body-parser/lib/types/urlencoded.js:91:7)
    at /www/wwwroot/nazo_for_web/node_modules/body-parser/index.js:110:7
    at jsonParser (/www/wwwroot/nazo_for_web/node_modules/body-parser/lib/types/json.js:110:7)
    at bodyParser (/www/wwwroot/nazo_for_web/node_modules/body-parser/index.js:108:5)
    at Layer.handle [as handle_request] (/www/wwwroot/nazo_for_web/node_modules/express/lib/router/layer.js:95:5)
URIError: Failed to decode param '/cgi-bin/.%%%%32%%65/.%%%%32%%65/.%%%%32%%65/.%%%%32%%65/.%%%%32%%65/bin/sh'
    at decodeURIComponent (<anonymous>)
    at decode_param (/www/wwwroot/nazo_for_web/node_modules/express/lib/router/layer.js:172:12)
    at Layer.match (/www/wwwroot/nazo_for_web/node_modules/express/lib/router/layer.js:123:27)
    at matchLayer (/www/wwwroot/nazo_for_web/node_modules/express/lib/router/index.js:585:18)
    at next (/www/wwwroot/nazo_for_web/node_modules/express/lib/router/index.js:226:15)
    at urlencodedParser (/www/wwwroot/nazo_for_web/node_modules/body-parser/lib/types/urlencoded.js:91:7)
    at /www/wwwroot/nazo_for_web/node_modules/body-parser/index.js:110:7
    at jsonParser (/www/wwwroot/nazo_for_web/node_modules/body-parser/lib/types/json.js:110:7)
    at bodyParser (/www/wwwroot/nazo_for_web/node_modules/body-parser/index.js:108:5)
    at Layer.handle [as handle_request] (/www/wwwroot/nazo_for_web/node_modules/express/lib/router/layer.js:95:5)
URIError: Failed to decode param '/cgi-bin/.%%%%32%%65/.%%%%32%%65/.%%%%32%%65/.%%%%32%%65/.%%%%32%%65/bin/sh'
    at decodeURIComponent (<anonymous>)
    at decode_param (/www/wwwroot/nazo_for_web/node_modules/express/lib/router/layer.js:172:12)
    at Layer.match (/www/wwwroot/nazo_for_web/node_modules/express/lib/router/layer.js:123:27)
    at matchLayer (/www/wwwroot/nazo_for_web/node_modules/express/lib/router/index.js:585:18)
    at next (/www/wwwroot/nazo_for_web/node_modules/express/lib/router/index.js:226:15)
    at urlencodedParser (/www/wwwroot/nazo_for_web/node_modules/body-parser/lib/types/urlencoded.js:91:7)
    at /www/wwwroot/nazo_for_web/node_modules/body-parser/index.js:110:7
    at jsonParser (/www/wwwroot/nazo_for_web/node_modules/body-parser/lib/types/json.js:110:7)
    at bodyParser (/www/wwwroot/nazo_for_web/node_modules/body-parser/index.js:108:5)
    at Layer.handle [as handle_request] (/www/wwwroot/nazo_for_web/node_modules/express/lib/router/layer.js:95:5)
URIError: Failed to decode param '/cgi-bin/.%%%%32%%65/.%%%%32%%65/.%%%%32%%65/.%%%%32%%65/.%%%%32%%65/bin/sh'
    at decodeURIComponent (<anonymous>)
    at decode_param (/www/wwwroot/nazo_for_web/node_modules/express/lib/router/layer.js:172:12)
    at Layer.match (/www/wwwroot/nazo_for_web/node_modules/express/lib/router/layer.js:123:27)
    at matchLayer (/www/wwwroot/nazo_for_web/node_modules/express/lib/router/index.js:585:18)
    at next (/www/wwwroot/nazo_for_web/node_modules/express/lib/router/index.js:226:15)
    at urlencodedParser (/www/wwwroot/nazo_for_web/node_modules/body-parser/lib/types/urlencoded.js:91:7)
    at /www/wwwroot/nazo_for_web/node_modules/body-parser/index.js:110:7
    at jsonParser (/www/wwwroot/nazo_for_web/node_modules/body-parser/lib/types/json.js:110:7)
    at bodyParser (/www/wwwroot/nazo_for_web/node_modules/body-parser/index.js:108:5)
    at Layer.handle [as handle_request] (/www/wwwroot/nazo_for_web/node_modules/express/lib/router/layer.js:95:5)
URIError: Failed to decode param '/cgi-bin/.%%%%32%%65/.%%%%32%%65/.%%%%32%%65/.%%%%32%%65/.%%%%32%%65/bin/sh'
    at decodeURIComponent (<anonymous>)
    at decode_param (/www/wwwroot/nazo_for_web/node_modules/express/lib/router/layer.js:172:12)
    at Layer.match (/www/wwwroot/nazo_for_web/node_modules/express/lib/router/layer.js:123:27)
    at matchLayer (/www/wwwroot/nazo_for_web/node_modules/express/lib/router/index.js:585:18)
    at next (/www/wwwroot/nazo_for_web/node_modules/express/lib/router/index.js:226:15)
    at urlencodedParser (/www/wwwroot/nazo_for_web/node_modules/body-parser/lib/types/urlencoded.js:91:7)
    at /www/wwwroot/nazo_for_web/node_modules/body-parser/index.js:110:7
    at jsonParser (/www/wwwroot/nazo_for_web/node_modules/body-parser/lib/types/json.js:110:7)
    at bodyParser (/www/wwwroot/nazo_for_web/node_modules/body-parser/index.js:108:5)
    at Layer.handle [as handle_request] (/www/wwwroot/nazo_for_web/node_modules/express/lib/router/layer.js:95:5)
URIError: Failed to decode param '/cgi-bin/.%%%%32%%65/.%%%%32%%65/.%%%%32%%65/.%%%%32%%65/.%%%%32%%65/bin/sh'
    at decodeURIComponent (<anonymous>)
    at decode_param (/www/wwwroot/nazo_for_web/node_modules/express/lib/router/layer.js:172:12)
    at Layer.match (/www/wwwroot/nazo_for_web/node_modules/express/lib/router/layer.js:123:27)
    at matchLayer (/www/wwwroot/nazo_for_web/node_modules/express/lib/router/index.js:585:18)
    at next (/www/wwwroot/nazo_for_web/node_modules/express/lib/router/index.js:226:15)
    at urlencodedParser (/www/wwwroot/nazo_for_web/node_modules/body-parser/lib/types/urlencoded.js:91:7)
    at /www/wwwroot/nazo_for_web/node_modules/body-parser/index.js:110:7
    at jsonParser (/www/wwwroot/nazo_for_web/node_modules/body-parser/lib/types/json.js:110:7)
    at bodyParser (/www/wwwroot/nazo_for_web/node_modules/body-parser/index.js:108:5)
    at Layer.handle [as handle_request] (/www/wwwroot/nazo_for_web/node_modules/express/lib/router/layer.js:95:5)
URIError: Failed to decode param '/cgi-bin/.%%%%32%%65/.%%%%32%%65/.%%%%32%%65/.%%%%32%%65/.%%%%32%%65/bin/sh'
    at decodeURIComponent (<anonymous>)
    at decode_param (/www/wwwroot/nazo_for_web/node_modules/express/lib/router/layer.js:172:12)
    at Layer.match (/www/wwwroot/nazo_for_web/node_modules/express/lib/router/layer.js:123:27)
    at matchLayer (/www/wwwroot/nazo_for_web/node_modules/express/lib/router/index.js:585:18)
    at next (/www/wwwroot/nazo_for_web/node_modules/express/lib/router/index.js:226:15)
    at urlencodedParser (/www/wwwroot/nazo_for_web/node_modules/body-parser/lib/types/urlencoded.js:91:7)
    at /www/wwwroot/nazo_for_web/node_modules/body-parser/index.js:110:7
    at jsonParser (/www/wwwroot/nazo_for_web/node_modules/body-parser/lib/types/json.js:110:7)
    at bodyParser (/www/wwwroot/nazo_for_web/node_modules/body-parser/index.js:108:5)
    at Layer.handle [as handle_request] (/www/wwwroot/nazo_for_web/node_modules/express/lib/router/layer.js:95:5)
URIError: Failed to decode param '/cgi-bin/.%%%%32%%65/.%%%%32%%65/.%%%%32%%65/.%%%%32%%65/.%%%%32%%65/bin/sh'
    at decodeURIComponent (<anonymous>)
    at decode_param (/www/wwwroot/nazo_for_web/node_modules/express/lib/router/layer.js:172:12)
    at Layer.match (/www/wwwroot/nazo_for_web/node_modules/express/lib/router/layer.js:123:27)
    at matchLayer (/www/wwwroot/nazo_for_web/node_modules/express/lib/router/index.js:585:18)
    at next (/www/wwwroot/nazo_for_web/node_modules/express/lib/router/index.js:226:15)
    at urlencodedParser (/www/wwwroot/nazo_for_web/node_modules/body-parser/lib/types/urlencoded.js:91:7)
    at /www/wwwroot/nazo_for_web/node_modules/body-parser/index.js:110:7
    at jsonParser (/www/wwwroot/nazo_for_web/node_modules/body-parser/lib/types/json.js:110:7)
    at bodyParser (/www/wwwroot/nazo_for_web/node_modules/body-parser/index.js:108:5)
    at Layer.handle [as handle_request] (/www/wwwroot/nazo_for_web/node_modules/express/lib/router/layer.js:95:5)
URIError: Failed to decode param '/cgi-bin/.%%%%32%%65/.%%%%32%%65/.%%%%32%%65/.%%%%32%%65/.%%%%32%%65/bin/sh'
    at decodeURIComponent (<anonymous>)
    at decode_param (/www/wwwroot/nazo_for_web/node_modules/express/lib/router/layer.js:172:12)
    at Layer.match (/www/wwwroot/nazo_for_web/node_modules/express/lib/router/layer.js:123:27)
    at matchLayer (/www/wwwroot/nazo_for_web/node_modules/express/lib/router/index.js:585:18)
    at next (/www/wwwroot/nazo_for_web/node_modules/express/lib/router/index.js:226:15)
    at urlencodedParser (/www/wwwroot/nazo_for_web/node_modules/body-parser/lib/types/urlencoded.js:91:7)
    at /www/wwwroot/nazo_for_web/node_modules/body-parser/index.js:110:7
    at jsonParser (/www/wwwroot/nazo_for_web/node_modules/body-parser/lib/types/json.js:110:7)
    at bodyParser (/www/wwwroot/nazo_for_web/node_modules/body-parser/index.js:108:5)
    at Layer.handle [as handle_request] (/www/wwwroot/nazo_for_web/node_modules/express/lib/router/layer.js:95:5)
URIError: Failed to decode param '/cgi-bin/.%%%%32%%65/.%%%%32%%65/.%%%%32%%65/.%%%%32%%65/.%%%%32%%65/bin/sh'
    at decodeURIComponent (<anonymous>)
    at decode_param (/www/wwwroot/nazo_for_web/node_modules/express/lib/router/layer.js:172:12)
    at Layer.match (/www/wwwroot/nazo_for_web/node_modules/express/lib/router/layer.js:123:27)
    at matchLayer (/www/wwwroot/nazo_for_web/node_modules/express/lib/router/index.js:585:18)
    at next (/www/wwwroot/nazo_for_web/node_modules/express/lib/router/index.js:226:15)
    at urlencodedParser (/www/wwwroot/nazo_for_web/node_modules/body-parser/lib/types/urlencoded.js:91:7)
    at /www/wwwroot/nazo_for_web/node_modules/body-parser/index.js:110:7
    at jsonParser (/www/wwwroot/nazo_for_web/node_modules/body-parser/lib/types/json.js:110:7)
    at bodyParser (/www/wwwroot/nazo_for_web/node_modules/body-parser/index.js:108:5)
    at Layer.handle [as handle_request] (/www/wwwroot/nazo_for_web/node_modules/express/lib/router/layer.js:95:5)
URIError: Failed to decode param '/cgi-bin/.%%%%32%%65/.%%%%32%%65/.%%%%32%%65/.%%%%32%%65/.%%%%32%%65/bin/sh'
    at decodeURIComponent (<anonymous>)
    at decode_param (/www/wwwroot/nazo_for_web/node_modules/express/lib/router/layer.js:172:12)
    at Layer.match (/www/wwwroot/nazo_for_web/node_modules/express/lib/router/layer.js:123:27)
    at matchLayer (/www/wwwroot/nazo_for_web/node_modules/express/lib/router/index.js:585:18)
    at next (/www/wwwroot/nazo_for_web/node_modules/express/lib/router/index.js:226:15)
    at urlencodedParser (/www/wwwroot/nazo_for_web/node_modules/body-parser/lib/types/urlencoded.js:91:7)
    at /www/wwwroot/nazo_for_web/node_modules/body-parser/index.js:110:7
    at jsonParser (/www/wwwroot/nazo_for_web/node_modules/body-parser/lib/types/json.js:110:7)
    at bodyParser (/www/wwwroot/nazo_for_web/node_modules/body-parser/index.js:108:5)
    at Layer.handle [as handle_request] (/www/wwwroot/nazo_for_web/node_modules/express/lib/router/layer.js:95:5)
URIError: Failed to decode param '/cgi-bin/.%%%%32%%65/.%%%%32%%65/.%%%%32%%65/.%%%%32%%65/.%%%%32%%65/bin/sh'
    at decodeURIComponent (<anonymous>)
    at decode_param (/www/wwwroot/nazo_for_web/node_modules/express/lib/router/layer.js:172:12)
    at Layer.match (/www/wwwroot/nazo_for_web/node_modules/express/lib/router/layer.js:123:27)
    at matchLayer (/www/wwwroot/nazo_for_web/node_modules/express/lib/router/index.js:585:18)
    at next (/www/wwwroot/nazo_for_web/node_modules/express/lib/router/index.js:226:15)
    at urlencodedParser (/www/wwwroot/nazo_for_web/node_modules/body-parser/lib/types/urlencoded.js:91:7)
    at /www/wwwroot/nazo_for_web/node_modules/body-parser/index.js:110:7
    at jsonParser (/www/wwwroot/nazo_for_web/node_modules/body-parser/lib/types/json.js:110:7)
    at bodyParser (/www/wwwroot/nazo_for_web/node_modules/body-parser/index.js:108:5)
    at Layer.handle [as handle_request] (/www/wwwroot/nazo_for_web/node_modules/express/lib/router/layer.js:95:5)
URIError: Failed to decode param '/cgi-bin/.%%%%32%%65/.%%%%32%%65/.%%%%32%%65/.%%%%32%%65/.%%%%32%%65/bin/sh'
    at decodeURIComponent (<anonymous>)
    at decode_param (/www/wwwroot/nazo_for_web/node_modules/express/lib/router/layer.js:172:12)
    at Layer.match (/www/wwwroot/nazo_for_web/node_modules/express/lib/router/layer.js:123:27)
    at matchLayer (/www/wwwroot/nazo_for_web/node_modules/express/lib/router/index.js:585:18)
    at next (/www/wwwroot/nazo_for_web/node_modules/express/lib/router/index.js:226:15)
    at urlencodedParser (/www/wwwroot/nazo_for_web/node_modules/body-parser/lib/types/urlencoded.js:91:7)
    at /www/wwwroot/nazo_for_web/node_modules/body-parser/index.js:110:7
    at jsonParser (/www/wwwroot/nazo_for_web/node_modules/body-parser/lib/types/json.js:110:7)
    at bodyParser (/www/wwwroot/nazo_for_web/node_modules/body-parser/index.js:108:5)
    at Layer.handle [as handle_request] (/www/wwwroot/nazo_for_web/node_modules/express/lib/router/layer.js:95:5)
URIError: Failed to decode param '/cgi-bin/.%%%%32%%65/.%%%%32%%65/.%%%%32%%65/.%%%%32%%65/.%%%%32%%65/bin/sh'
    at decodeURIComponent (<anonymous>)
    at decode_param (/www/wwwroot/nazo_for_web/node_modules/express/lib/router/layer.js:172:12)
    at Layer.match (/www/wwwroot/nazo_for_web/node_modules/express/lib/router/layer.js:123:27)
    at matchLayer (/www/wwwroot/nazo_for_web/node_modules/express/lib/router/index.js:585:18)
    at next (/www/wwwroot/nazo_for_web/node_modules/express/lib/router/index.js:226:15)
    at urlencodedParser (/www/wwwroot/nazo_for_web/node_modules/body-parser/lib/types/urlencoded.js:91:7)
    at /www/wwwroot/nazo_for_web/node_modules/body-parser/index.js:110:7
    at jsonParser (/www/wwwroot/nazo_for_web/node_modules/body-parser/lib/types/json.js:110:7)
    at bodyParser (/www/wwwroot/nazo_for_web/node_modules/body-parser/index.js:108:5)
    at Layer.handle [as handle_request] (/www/wwwroot/nazo_for_web/node_modules/express/lib/router/layer.js:95:5)
URIError: Failed to decode param '/cgi-bin/.%%%%32%%65/.%%%%32%%65/.%%%%32%%65/.%%%%32%%65/.%%%%32%%65/bin/sh'
    at decodeURIComponent (<anonymous>)
    at decode_param (/www/wwwroot/nazo_for_web/node_modules/express/lib/router/layer.js:172:12)
    at Layer.match (/www/wwwroot/nazo_for_web/node_modules/express/lib/router/layer.js:123:27)
    at matchLayer (/www/wwwroot/nazo_for_web/node_modules/express/lib/router/index.js:585:18)
    at next (/www/wwwroot/nazo_for_web/node_modules/express/lib/router/index.js:226:15)
    at urlencodedParser (/www/wwwroot/nazo_for_web/node_modules/body-parser/lib/types/urlencoded.js:91:7)
    at /www/wwwroot/nazo_for_web/node_modules/body-parser/index.js:110:7
    at jsonParser (/www/wwwroot/nazo_for_web/node_modules/body-parser/lib/types/json.js:110:7)
    at bodyParser (/www/wwwroot/nazo_for_web/node_modules/body-parser/index.js:108:5)
    at Layer.handle [as handle_request] (/www/wwwroot/nazo_for_web/node_modules/express/lib/router/layer.js:95:5)
URIError: Failed to decode param '/cgi-bin/.%%%%32%%65/.%%%%32%%65/.%%%%32%%65/.%%%%32%%65/.%%%%32%%65/bin/sh'
    at decodeURIComponent (<anonymous>)
    at decode_param (/www/wwwroot/nazo_for_web/node_modules/express/lib/router/layer.js:172:12)
    at Layer.match (/www/wwwroot/nazo_for_web/node_modules/express/lib/router/layer.js:123:27)
    at matchLayer (/www/wwwroot/nazo_for_web/node_modules/express/lib/router/index.js:585:18)
    at next (/www/wwwroot/nazo_for_web/node_modules/express/lib/router/index.js:226:15)
    at urlencodedParser (/www/wwwroot/nazo_for_web/node_modules/body-parser/lib/types/urlencoded.js:91:7)
    at /www/wwwroot/nazo_for_web/node_modules/body-parser/index.js:110:7
    at jsonParser (/www/wwwroot/nazo_for_web/node_modules/body-parser/lib/types/json.js:110:7)
    at bodyParser (/www/wwwroot/nazo_for_web/node_modules/body-parser/index.js:108:5)
    at Layer.handle [as handle_request] (/www/wwwroot/nazo_for_web/node_modules/express/lib/router/layer.js:95:5)
URIError: Failed to decode param '/cgi-bin/.%%%%32%%65/.%%%%32%%65/.%%%%32%%65/.%%%%32%%65/.%%%%32%%65/bin/sh'
    at decodeURIComponent (<anonymous>)
    at decode_param (/www/wwwroot/nazo_for_web/node_modules/express/lib/router/layer.js:172:12)
    at Layer.match (/www/wwwroot/nazo_for_web/node_modules/express/lib/router/layer.js:123:27)
    at matchLayer (/www/wwwroot/nazo_for_web/node_modules/express/lib/router/index.js:585:18)
    at next (/www/wwwroot/nazo_for_web/node_modules/express/lib/router/index.js:226:15)
    at urlencodedParser (/www/wwwroot/nazo_for_web/node_modules/body-parser/lib/types/urlencoded.js:91:7)
    at /www/wwwroot/nazo_for_web/node_modules/body-parser/index.js:110:7
    at jsonParser (/www/wwwroot/nazo_for_web/node_modules/body-parser/lib/types/json.js:110:7)
    at bodyParser (/www/wwwroot/nazo_for_web/node_modules/body-parser/index.js:108:5)
    at Layer.handle [as handle_request] (/www/wwwroot/nazo_for_web/node_modules/express/lib/router/layer.js:95:5)
URIError: Failed to decode param '/cgi-bin/.%%%%32%%65/.%%%%32%%65/.%%%%32%%65/.%%%%32%%65/.%%%%32%%65/bin/sh'
    at decodeURIComponent (<anonymous>)
    at decode_param (/www/wwwroot/nazo_for_web/node_modules/express/lib/router/layer.js:172:12)
    at Layer.match (/www/wwwroot/nazo_for_web/node_modules/express/lib/router/layer.js:123:27)
    at matchLayer (/www/wwwroot/nazo_for_web/node_modules/express/lib/router/index.js:585:18)
    at next (/www/wwwroot/nazo_for_web/node_modules/express/lib/router/index.js:226:15)
    at urlencodedParser (/www/wwwroot/nazo_for_web/node_modules/body-parser/lib/types/urlencoded.js:91:7)
    at /www/wwwroot/nazo_for_web/node_modules/body-parser/index.js:110:7
    at jsonParser (/www/wwwroot/nazo_for_web/node_modules/body-parser/lib/types/json.js:110:7)
    at bodyParser (/www/wwwroot/nazo_for_web/node_modules/body-parser/index.js:108:5)
    at Layer.handle [as handle_request] (/www/wwwroot/nazo_for_web/node_modules/express/lib/router/layer.js:95:5)
URIError: Failed to decode param '/cgi-bin/.%%%%32%%65/.%%%%32%%65/.%%%%32%%65/.%%%%32%%65/.%%%%32%%65/bin/sh'
    at decodeURIComponent (<anonymous>)
    at decode_param (/www/wwwroot/nazo_for_web/node_modules/express/lib/router/layer.js:172:12)
    at Layer.match (/www/wwwroot/nazo_for_web/node_modules/express/lib/router/layer.js:123:27)
    at matchLayer (/www/wwwroot/nazo_for_web/node_modules/express/lib/router/index.js:585:18)
    at next (/www/wwwroot/nazo_for_web/node_modules/express/lib/router/index.js:226:15)
    at urlencodedParser (/www/wwwroot/nazo_for_web/node_modules/body-parser/lib/types/urlencoded.js:91:7)
    at /www/wwwroot/nazo_for_web/node_modules/body-parser/index.js:110:7
    at jsonParser (/www/wwwroot/nazo_for_web/node_modules/body-parser/lib/types/json.js:110:7)
    at bodyParser (/www/wwwroot/nazo_for_web/node_modules/body-parser/index.js:108:5)
    at Layer.handle [as handle_request] (/www/wwwroot/nazo_for_web/node_modules/express/lib/router/layer.js:95:5)
URIError: Failed to decode param '/cgi-bin/.%%%%32%%65/.%%%%32%%65/.%%%%32%%65/.%%%%32%%65/.%%%%32%%65/bin/sh'
    at decodeURIComponent (<anonymous>)
    at decode_param (/www/wwwroot/nazo_for_web/node_modules/express/lib/router/layer.js:172:12)
    at Layer.match (/www/wwwroot/nazo_for_web/node_modules/express/lib/router/layer.js:123:27)
    at matchLayer (/www/wwwroot/nazo_for_web/node_modules/express/lib/router/index.js:585:18)
    at next (/www/wwwroot/nazo_for_web/node_modules/express/lib/router/index.js:226:15)
    at urlencodedParser (/www/wwwroot/nazo_for_web/node_modules/body-parser/lib/types/urlencoded.js:91:7)
    at /www/wwwroot/nazo_for_web/node_modules/body-parser/index.js:110:7
    at jsonParser (/www/wwwroot/nazo_for_web/node_modules/body-parser/lib/types/json.js:110:7)
    at bodyParser (/www/wwwroot/nazo_for_web/node_modules/body-parser/index.js:108:5)
    at Layer.handle [as handle_request] (/www/wwwroot/nazo_for_web/node_modules/express/lib/router/layer.js:95:5)
URIError: Failed to decode param '/cgi-bin/.%%%%32%%65/.%%%%32%%65/.%%%%32%%65/.%%%%32%%65/.%%%%32%%65/bin/sh'
    at decodeURIComponent (<anonymous>)
    at decode_param (/www/wwwroot/nazo_for_web/node_modules/express/lib/router/layer.js:172:12)
    at Layer.match (/www/wwwroot/nazo_for_web/node_modules/express/lib/router/layer.js:123:27)
    at matchLayer (/www/wwwroot/nazo_for_web/node_modules/express/lib/router/index.js:585:18)
    at next (/www/wwwroot/nazo_for_web/node_modules/express/lib/router/index.js:226:15)
    at urlencodedParser (/www/wwwroot/nazo_for_web/node_modules/body-parser/lib/types/urlencoded.js:91:7)
    at /www/wwwroot/nazo_for_web/node_modules/body-parser/index.js:110:7
    at jsonParser (/www/wwwroot/nazo_for_web/node_modules/body-parser/lib/types/json.js:110:7)
    at bodyParser (/www/wwwroot/nazo_for_web/node_modules/body-parser/index.js:108:5)
    at Layer.handle [as handle_request] (/www/wwwroot/nazo_for_web/node_modules/express/lib/router/layer.js:95:5)
URIError: Failed to decode param '/cgi-bin/.%%%%32%%65/.%%%%32%%65/.%%%%32%%65/.%%%%32%%65/.%%%%32%%65/bin/sh'
    at decodeURIComponent (<anonymous>)
    at decode_param (/www/wwwroot/nazo_for_web/node_modules/express/lib/router/layer.js:172:12)
    at Layer.match (/www/wwwroot/nazo_for_web/node_modules/express/lib/router/layer.js:123:27)
    at matchLayer (/www/wwwroot/nazo_for_web/node_modules/express/lib/router/index.js:585:18)
    at next (/www/wwwroot/nazo_for_web/node_modules/express/lib/router/index.js:226:15)
    at urlencodedParser (/www/wwwroot/nazo_for_web/node_modules/body-parser/lib/types/urlencoded.js:91:7)
    at /www/wwwroot/nazo_for_web/node_modules/body-parser/index.js:110:7
    at jsonParser (/www/wwwroot/nazo_for_web/node_modules/body-parser/lib/types/json.js:110:7)
    at bodyParser (/www/wwwroot/nazo_for_web/node_modules/body-parser/index.js:108:5)
    at Layer.handle [as handle_request] (/www/wwwroot/nazo_for_web/node_modules/express/lib/router/layer.js:95:5)
URIError: Failed to decode param '/cgi-bin/.%%%%32%%65/.%%%%32%%65/.%%%%32%%65/.%%%%32%%65/.%%%%32%%65/bin/sh'
    at decodeURIComponent (<anonymous>)
    at decode_param (/www/wwwroot/nazo_for_web/node_modules/express/lib/router/layer.js:172:12)
    at Layer.match (/www/wwwroot/nazo_for_web/node_modules/express/lib/router/layer.js:123:27)
    at matchLayer (/www/wwwroot/nazo_for_web/node_modules/express/lib/router/index.js:585:18)
    at next (/www/wwwroot/nazo_for_web/node_modules/express/lib/router/index.js:226:15)
    at urlencodedParser (/www/wwwroot/nazo_for_web/node_modules/body-parser/lib/types/urlencoded.js:91:7)
    at /www/wwwroot/nazo_for_web/node_modules/body-parser/index.js:110:7
    at jsonParser (/www/wwwroot/nazo_for_web/node_modules/body-parser/lib/types/json.js:110:7)
    at bodyParser (/www/wwwroot/nazo_for_web/node_modules/body-parser/index.js:108:5)
    at Layer.handle [as handle_request] (/www/wwwroot/nazo_for_web/node_modules/express/lib/router/layer.js:95:5)
URIError: Failed to decode param '/cgi-bin/.%%%%32%%65/.%%%%32%%65/.%%%%32%%65/.%%%%32%%65/.%%%%32%%65/bin/sh'
    at decodeURIComponent (<anonymous>)
    at decode_param (/www/wwwroot/nazo_for_web/node_modules/express/lib/router/layer.js:172:12)
    at Layer.match (/www/wwwroot/nazo_for_web/node_modules/express/lib/router/layer.js:123:27)
    at matchLayer (/www/wwwroot/nazo_for_web/node_modules/express/lib/router/index.js:585:18)
    at next (/www/wwwroot/nazo_for_web/node_modules/express/lib/router/index.js:226:15)
    at urlencodedParser (/www/wwwroot/nazo_for_web/node_modules/body-parser/lib/types/urlencoded.js:91:7)
    at /www/wwwroot/nazo_for_web/node_modules/body-parser/index.js:110:7
    at jsonParser (/www/wwwroot/nazo_for_web/node_modules/body-parser/lib/types/json.js:110:7)
    at bodyParser (/www/wwwroot/nazo_for_web/node_modules/body-parser/index.js:108:5)
    at Layer.handle [as handle_request] (/www/wwwroot/nazo_for_web/node_modules/express/lib/router/layer.js:95:5)
URIError: Failed to decode param '/cgi-bin/.%%%%32%%65/.%%%%32%%65/.%%%%32%%65/.%%%%32%%65/.%%%%32%%65/bin/sh'
    at decodeURIComponent (<anonymous>)
    at decode_param (/www/wwwroot/nazo_for_web/node_modules/express/lib/router/layer.js:172:12)
    at Layer.match (/www/wwwroot/nazo_for_web/node_modules/express/lib/router/layer.js:123:27)
    at matchLayer (/www/wwwroot/nazo_for_web/node_modules/express/lib/router/index.js:585:18)
    at next (/www/wwwroot/nazo_for_web/node_modules/express/lib/router/index.js:226:15)
    at urlencodedParser (/www/wwwroot/nazo_for_web/node_modules/body-parser/lib/types/urlencoded.js:91:7)
    at /www/wwwroot/nazo_for_web/node_modules/body-parser/index.js:110:7
    at jsonParser (/www/wwwroot/nazo_for_web/node_modules/body-parser/lib/types/json.js:110:7)
    at bodyParser (/www/wwwroot/nazo_for_web/node_modules/body-parser/index.js:108:5)
    at Layer.handle [as handle_request] (/www/wwwroot/nazo_for_web/node_modules/express/lib/router/layer.js:95:5)
URIError: Failed to decode param '/cgi-bin/.%%%%32%%65/.%%%%32%%65/.%%%%32%%65/.%%%%32%%65/.%%%%32%%65/bin/sh'
    at decodeURIComponent (<anonymous>)
    at decode_param (/www/wwwroot/nazo_for_web/node_modules/express/lib/router/layer.js:172:12)
    at Layer.match (/www/wwwroot/nazo_for_web/node_modules/express/lib/router/layer.js:123:27)
    at matchLayer (/www/wwwroot/nazo_for_web/node_modules/express/lib/router/index.js:585:18)
    at next (/www/wwwroot/nazo_for_web/node_modules/express/lib/router/index.js:226:15)
    at urlencodedParser (/www/wwwroot/nazo_for_web/node_modules/body-parser/lib/types/urlencoded.js:91:7)
    at /www/wwwroot/nazo_for_web/node_modules/body-parser/index.js:110:7
    at jsonParser (/www/wwwroot/nazo_for_web/node_modules/body-parser/lib/types/json.js:110:7)
    at bodyParser (/www/wwwroot/nazo_for_web/node_modules/body-parser/index.js:108:5)
    at Layer.handle [as handle_request] (/www/wwwroot/nazo_for_web/node_modules/express/lib/router/layer.js:95:5)
URIError: Failed to decode param '/cgi-bin/.%%%%32%%65/.%%%%32%%65/.%%%%32%%65/.%%%%32%%65/.%%%%32%%65/bin/sh'
    at decodeURIComponent (<anonymous>)
    at decode_param (/www/wwwroot/nazo_for_web/node_modules/express/lib/router/layer.js:172:12)
    at Layer.match (/www/wwwroot/nazo_for_web/node_modules/express/lib/router/layer.js:123:27)
    at matchLayer (/www/wwwroot/nazo_for_web/node_modules/express/lib/router/index.js:585:18)
    at next (/www/wwwroot/nazo_for_web/node_modules/express/lib/router/index.js:226:15)
    at urlencodedParser (/www/wwwroot/nazo_for_web/node_modules/body-parser/lib/types/urlencoded.js:91:7)
    at /www/wwwroot/nazo_for_web/node_modules/body-parser/index.js:110:7
    at jsonParser (/www/wwwroot/nazo_for_web/node_modules/body-parser/lib/types/json.js:110:7)
    at bodyParser (/www/wwwroot/nazo_for_web/node_modules/body-parser/index.js:108:5)
    at Layer.handle [as handle_request] (/www/wwwroot/nazo_for_web/node_modules/express/lib/router/layer.js:95:5)
SyntaxError: Unexpected token - in JSON at position 0
    at JSON.parse (<anonymous>)
    at createStrictSyntaxError (/www/wwwroot/nazo_for_web/node_modules/body-parser/lib/types/json.js:160:10)
    at parse (/www/wwwroot/nazo_for_web/node_modules/body-parser/lib/types/json.js:83:15)
    at /www/wwwroot/nazo_for_web/node_modules/body-parser/lib/read.js:128:18
    at AsyncResource.runInAsyncScope (async_hooks.js:188:21)
    at invokeCallback (/www/wwwroot/nazo_for_web/node_modules/raw-body/index.js:231:16)
    at done (/www/wwwroot/nazo_for_web/node_modules/raw-body/index.js:220:7)
    at IncomingMessage.onEnd (/www/wwwroot/nazo_for_web/node_modules/raw-body/index.js:280:7)
    at IncomingMessage.emit (events.js:203:15)
    at endReadableNT (_stream_readable.js:1145:12)
